
> smart_door_react@0.1.0 start /opt/smart_door_react
> PORT=8381 react-scripts start

[34mℹ[39m [90m｢wds｣[39m: Project is running at http://172.20.0.11/
[34mℹ[39m [90m｢wds｣[39m: webpack output is served from 
[34mℹ[39m [90m｢wds｣[39m: Content not from webpack is served from /opt/smart_door_react/public
[34mℹ[39m [90m｢wds｣[39m: 404s will fallback to /
Starting the development server...

events.js:292
      throw er; // Unhandled 'error' event
      ^

Error: EBADF: bad file descriptor, read
Emitted 'error' event on ReadStream instance at:
    at internal/fs/streams.js:191:14
    at FSReqCallback.wrapper [as oncomplete] (fs.js:520:5) {
  errno: -9,
  code: 'EBADF',
  syscall: 'read'
}
npm ERR! code ELIFECYCLE
npm ERR! errno 1
npm ERR! smart_door_react@0.1.0 start: `PORT=8381 react-scripts start`
npm ERR! Exit status 1
npm ERR! 
npm ERR! Failed at the smart_door_react@0.1.0 start script.
npm ERR! This is probably not a problem with npm. There is likely additional logging output above.

npm ERR! A complete log of this run can be found in:
npm ERR!     /home/matheus/.npm/_logs/2020-10-04T00_49_45_797Z-debug.log

> smart_door_react@0.1.0 start /opt/smart_door_react
> PORT=8381 react-scripts start

[34mℹ[39m [90m｢wds｣[39m: Project is running at http://172.20.0.11/
[34mℹ[39m [90m｢wds｣[39m: webpack output is served from 
[34mℹ[39m [90m｢wds｣[39m: Content not from webpack is served from /opt/smart_door_react/public
[34mℹ[39m [90m｢wds｣[39m: 404s will fallback to /
Starting the development server...

events.js:292
      throw er; // Unhandled 'error' event
      ^

Error: EBADF: bad file descriptor, read
Emitted 'error' event on ReadStream instance at:
    at internal/fs/streams.js:191:14
    at FSReqCallback.wrapper [as oncomplete] (fs.js:520:5) {
  errno: -9,
  code: 'EBADF',
  syscall: 'read'
}
npm ERR! code ELIFECYCLE
npm ERR! errno 1
npm ERR! smart_door_react@0.1.0 start: `PORT=8381 react-scripts start`
npm ERR! Exit status 1
npm ERR! 
npm ERR! Failed at the smart_door_react@0.1.0 start script.
npm ERR! This is probably not a problem with npm. There is likely additional logging output above.

npm ERR! A complete log of this run can be found in:
npm ERR!     /home/matheus/.npm/_logs/2020-10-04T00_51_18_581Z-debug.log
yarn run v1.22.10
$ PORT=8381 react-scripts start
[34mℹ[39m [90m｢wds｣[39m: Project is running at http://172.20.0.11/
[34mℹ[39m [90m｢wds｣[39m: webpack output is served from 
[34mℹ[39m [90m｢wds｣[39m: Content not from webpack is served from /opt/smart_door_react/public
[34mℹ[39m [90m｢wds｣[39m: 404s will fallback to /
Starting the development server...

events.js:292
      throw er; // Unhandled 'error' event
      ^

Error: EBADF: bad file descriptor, read
Emitted 'error' event on ReadStream instance at:
    at internal/fs/streams.js:191:14
    at FSReqCallback.wrapper [as oncomplete] (fs.js:520:5) {
  errno: -9,
  code: 'EBADF',
  syscall: 'read'
}
error Command failed with exit code 1.
info Visit https://yarnpkg.com/en/docs/cli/run for documentation about this command.
sudo: yarn: command not found
